This is pdfTeX, Version 3.1415926-2.4-1.40.13 (MiKTeX 2.9) (preloaded format=pdflatex 2013.8.15)  15 APR 2014 16:13
entering extended mode
**MatPIVtut.tex
("M:\MatPIV\MatPIV 1.7\doc\MatPIVtut.tex"
LaTeX2e <2011/06/27>
Babel <v3.8m> and hyphenation patterns for english, afrikaans, ancientgreek, ar
abic, armenian, assamese, basque, bengali, bokmal, bulgarian, catalan, coptic, 
croatian, czech, danish, dutch, esperanto, estonian, farsi, finnish, french, ga
lician, german, german-x-2012-05-30, greek, gujarati, hindi, hungarian, iceland
ic, indonesian, interlingua, irish, italian, kannada, kurmanji, latin, latvian,
 lithuanian, malayalam, marathi, mongolian, mongolianlmc, monogreek, ngerman, n
german-x-2012-05-30, nynorsk, oriya, panjabi, pinyin, polish, portuguese, roman
ian, russian, sanskrit, serbian, slovak, slovenian, spanish, swedish, swissgerm
an, tamil, telugu, turkish, turkmen, ukenglish, ukrainian, uppersorbian, usengl
ishmax, welsh, loaded.
("C:\Program Files (x86)\MiKTeX 2.9\tex\latex\base\book.cls"
Document Class: book 2007/10/19 v1.4h Standard LaTeX document class
("C:\Program Files (x86)\MiKTeX 2.9\tex\latex\base\bk10.clo"
File: bk10.clo 2007/10/19 v1.4h Standard LaTeX file (size option)
)
\c@part=\count79
\c@chapter=\count80
\c@section=\count81
\c@subsection=\count82
\c@subsubsection=\count83
\c@paragraph=\count84
\c@subparagraph=\count85
\c@figure=\count86
\c@table=\count87
\abovecaptionskip=\skip41
\belowcaptionskip=\skip42
\bibindent=\dimen102
)
("C:\Program Files (x86)\MiKTeX 2.9\tex\latex\multirow\multirow.sty"
\bigstrutjot=\dimen103
)
("C:\Program Files (x86)\MiKTeX 2.9\tex\latex\amsfonts\amssymb.sty"
Package: amssymb 2013/01/14 v3.01 AMS font symbols

("C:\Program Files (x86)\MiKTeX 2.9\tex\latex\amsfonts\amsfonts.sty"
Package: amsfonts 2013/01/14 v3.01 Basic AMSFonts support
\@emptytoks=\toks14
\symAMSa=\mathgroup4
\symAMSb=\mathgroup5
LaTeX Font Info:    Overwriting math alphabet `\mathfrak' in version `bold'
(Font)                  U/euf/m/n --> U/euf/b/n on input line 106.
))
("C:\Program Files (x86)\MiKTeX 2.9\tex\latex\amsmath\amsmath.sty"
Package: amsmath 2013/01/14 v2.14 AMS math features
\@mathmargin=\skip43

For additional information on amsmath, use the `?' option.
("C:\Program Files (x86)\MiKTeX 2.9\tex\latex\amsmath\amstext.sty"
Package: amstext 2000/06/29 v2.01

("C:\Program Files (x86)\MiKTeX 2.9\tex\latex\amsmath\amsgen.sty"
File: amsgen.sty 1999/11/30 v2.0
\@emptytoks=\toks15
\ex@=\dimen104
))
("C:\Program Files (x86)\MiKTeX 2.9\tex\latex\amsmath\amsbsy.sty"
Package: amsbsy 1999/11/29 v1.2d
\pmbraise@=\dimen105
)
("C:\Program Files (x86)\MiKTeX 2.9\tex\latex\amsmath\amsopn.sty"
Package: amsopn 1999/12/14 v2.01 operator names
)
\inf@bad=\count88
LaTeX Info: Redefining \frac on input line 210.
\uproot@=\count89
\leftroot@=\count90
LaTeX Info: Redefining \overline on input line 306.
\classnum@=\count91
\DOTSCASE@=\count92
LaTeX Info: Redefining \ldots on input line 378.
LaTeX Info: Redefining \dots on input line 381.
LaTeX Info: Redefining \cdots on input line 466.
\Mathstrutbox@=\box26
\strutbox@=\box27
\big@size=\dimen106
LaTeX Font Info:    Redeclaring font encoding OML on input line 566.
LaTeX Font Info:    Redeclaring font encoding OMS on input line 567.
\macc@depth=\count93
\c@MaxMatrixCols=\count94
\dotsspace@=\muskip10
\c@parentequation=\count95
\dspbrk@lvl=\count96
\tag@help=\toks16
\row@=\count97
\column@=\count98
\maxfields@=\count99
\andhelp@=\toks17
\eqnshift@=\dimen107
\alignsep@=\dimen108
\tagshift@=\dimen109
\tagwidth@=\dimen110
\totwidth@=\dimen111
\lineht@=\dimen112
\@envbody=\toks18
\multlinegap=\skip44
\multlinetaggap=\skip45
\mathdisplay@stack=\toks19
LaTeX Info: Redefining \[ on input line 2665.
LaTeX Info: Redefining \] on input line 2666.
)
("C:\Program Files (x86)\MiKTeX 2.9\tex\latex\float\float.sty"
Package: float 2001/11/08 v1.3d Float enhancements (AL)
\c@float@type=\count100
\float@exts=\toks20
\float@box=\box28
\@float@everytoks=\toks21
\@floatcapt=\box29
)
("C:\Program Files (x86)\MiKTeX 2.9\tex\latex\base\graphpap.sty"
Package: graphpap 1994/08/09 v1.0c Standard LaTeX graphpap package (LL)
)
(C:\Users\jks\AppData\Roaming\MiKTeX\2.9\tex\latex\rotating\rotating.sty
Package: rotating 2009/03/28 v2.16a rotated objects in LaTeX

("C:\Program Files (x86)\MiKTeX 2.9\tex\latex\graphics\graphicx.sty"
Package: graphicx 1999/02/16 v1.0f Enhanced LaTeX Graphics (DPC,SPQR)

("C:\Program Files (x86)\MiKTeX 2.9\tex\latex\graphics\keyval.sty"
Package: keyval 1999/03/16 v1.13 key=value parser (DPC)
\KV@toks@=\toks22
)
("C:\Program Files (x86)\MiKTeX 2.9\tex\latex\graphics\graphics.sty"
Package: graphics 2009/02/05 v1.0o Standard LaTeX Graphics (DPC,SPQR)

("C:\Program Files (x86)\MiKTeX 2.9\tex\latex\graphics\trig.sty"
Package: trig 1999/03/16 v1.09 sin cos tan (DPC)
)
("C:\Program Files (x86)\MiKTeX 2.9\tex\latex\00miktex\graphics.cfg"
File: graphics.cfg 2007/01/18 v1.5 graphics configuration of teTeX/TeXLive
)
Package graphics Info: Driver file: pdftex.def on input line 91.

("C:\Program Files (x86)\MiKTeX 2.9\tex\latex\pdftex-def\pdftex.def"
File: pdftex.def 2011/05/27 v0.06d Graphics/color for pdfTeX

("C:\Program Files (x86)\MiKTeX 2.9\tex\generic\oberdiek\infwarerr.sty"
Package: infwarerr 2010/04/08 v1.3 Providing info/warning/error messages (HO)
)
("C:\Program Files (x86)\MiKTeX 2.9\tex\generic\oberdiek\ltxcmds.sty"
Package: ltxcmds 2011/11/09 v1.22 LaTeX kernel commands for general use (HO)
)
\Gread@gobject=\count101
))
\Gin@req@height=\dimen113
\Gin@req@width=\dimen114
)
("C:\Program Files (x86)\MiKTeX 2.9\tex\latex\base\ifthen.sty"
Package: ifthen 2001/05/26 v1.1c Standard LaTeX ifthen package (DPC)
)
\c@r@tfl@t=\count102
\rotFPtop=\skip46
\rotFPbot=\skip47
\rot@float@box=\box30
\rot@mess@toks=\toks23
)
("C:\Program Files (x86)\MiKTeX 2.9\tex\latex\psnfss\times.sty"
Package: times 2005/04/12 PSNFSS-v9.2a (SPQR) 
)
(C:\Users\jks\AppData\Roaming\MiKTeX\2.9\tex\latex\subfigure\subfigure.sty
Package: subfigure 2002/07/30 v2.1.4 subfigure package
\subfigtopskip=\skip48
\subfigcapskip=\skip49
\subfigcaptopadj=\dimen115
\subfigbottomskip=\skip50
\subfigcapmargin=\dimen116
\subfiglabelskip=\skip51
\c@subfigure=\count103
\c@lofdepth=\count104
\c@subtable=\count105
\c@lotdepth=\count106

****************************************
* Local config file subfigure.cfg used *
****************************************
(C:\Users\jks\AppData\Roaming\MiKTeX\2.9\tex\latex\subfigure\subfigure.cfg)
\subfig@top=\skip52
\subfig@bottom=\skip53
)
("C:\Program Files (x86)\MiKTeX 2.9\tex\latex\base\inputenc.sty"
Package: inputenc 2008/03/30 v1.1d Input encoding file
\inpenc@prehook=\toks24
\inpenc@posthook=\toks25

("C:\Program Files (x86)\MiKTeX 2.9\tex\latex\base\latin1.def"
File: latin1.def 2008/03/30 v1.1d Input encoding file
))
("C:\Program Files (x86)\MiKTeX 2.9\tex\generic\babel\babel.sty"
Package: babel 2008/07/08 v3.8m The Babel package

*************************************
* Local config file bblopts.cfg used
*
("C:\Program Files (x86)\MiKTeX 2.9\tex\latex\00miktex\bblopts.cfg"
File: bblopts.cfg 2006/07/31 v1.0 MiKTeX 'babel' configuration
)
("C:\Program Files (x86)\MiKTeX 2.9\tex\generic\babel\english.ldf"
Language: english 2005/03/30 v3.3o English support from the babel system

("C:\Program Files (x86)\MiKTeX 2.9\tex\generic\babel\babel.def"
File: babel.def 2008/07/08 v3.8m Babel common definitions
\babel@savecnt=\count107
\U@D=\dimen117
)
\l@canadian = a dialect from \language\l@american 
\l@australian = a dialect from \language\l@british 
\l@newzealand = a dialect from \language\l@british 
))
(C:\Users\jks\AppData\Roaming\MiKTeX\2.9\tex\latex\preprint\authblk.sty
Package: authblk 2001/02/27 1.3 (PWD)
\affilsep=\skip54
\@affilsep=\skip55
\c@Maxaffil=\count108
\c@authors=\count109
\c@affil=\count110
)
("C:\Program Files (x86)\MiKTeX 2.9\tex\latex\ltxmisc\url.sty"
\Urlmuskip=\muskip11
Package: url 2006/04/12  ver 3.3  Verb mode for urls, etc.
)
(C:\Users\jks\AppData\Roaming\MiKTeX\2.9\tex\latex\natbib\natbib.sty
Package: natbib 2010/09/13 8.31b (PWD, AO)
\bibhang=\skip56
\bibsep=\skip57
LaTeX Info: Redefining \cite on input line 694.
\c@NAT@ctr=\count111
)
("C:\Program Files (x86)\MiKTeX 2.9\tex\latex\graphics\epsfig.sty"
Package: epsfig 1999/02/16 v1.7a (e)psfig emulation (SPQR)
\epsfxsize=\dimen118
\epsfysize=\dimen119
)
(C:\Users\jks\AppData\Roaming\MiKTeX\2.9\tex\latex\a4wide\a4wide.sty
Package: a4wide 1994/08/30

(C:\Users\jks\AppData\Roaming\MiKTeX\2.9\tex\latex\ntgclass\a4.sty
Package: a4 2004/04/15 v1.2g A4 based page layout
))
("M:\MatPIV\MatPIV 1.7\doc\MatPIVtut.aux")
LaTeX Font Info:    Checking defaults for OML/cmm/m/it on input line 29.
LaTeX Font Info:    ... okay on input line 29.
LaTeX Font Info:    Checking defaults for T1/cmr/m/n on input line 29.
LaTeX Font Info:    ... okay on input line 29.
LaTeX Font Info:    Checking defaults for OT1/cmr/m/n on input line 29.
LaTeX Font Info:    ... okay on input line 29.
LaTeX Font Info:    Checking defaults for OMS/cmsy/m/n on input line 29.
LaTeX Font Info:    ... okay on input line 29.
LaTeX Font Info:    Checking defaults for OMX/cmex/m/n on input line 29.
LaTeX Font Info:    ... okay on input line 29.
LaTeX Font Info:    Checking defaults for U/cmr/m/n on input line 29.
LaTeX Font Info:    ... okay on input line 29.
LaTeX Font Info:    Try loading font information for OT1+ptm on input line 29.

("C:\Program Files (x86)\MiKTeX 2.9\tex\latex\psnfss\ot1ptm.fd"
File: ot1ptm.fd 2001/06/04 font definitions for OT1/ptm.
)
(C:\Users\jks\AppData\Roaming\MiKTeX\2.9\tex\context\base\supp-pdf.mkii
[Loading MPS to PDF converter (version 2006.09.02).]
\scratchcounter=\count112
\scratchdimen=\dimen120
\scratchbox=\box31
\nofMPsegments=\count113
\nofMParguments=\count114
\everyMPshowfont=\toks26
\MPscratchCnt=\count115
\MPscratchDim=\dimen121
\MPnumerator=\count116
\makeMPintoPDFobject=\count117
\everyMPtoPDFconversion=\toks27
)
LaTeX Font Info:    Font shape `OT1/ptm/bx/n' in size <17.28> not available
(Font)              Font shape `OT1/ptm/b/n' tried instead on input line 31.
LaTeX Font Info:    Try loading font information for U+msa on input line 31.
 ("C:\Program Files (x86)\MiKTeX 2.9\tex\latex\amsfonts\umsa.fd"
File: umsa.fd 2013/01/14 v3.01 AMS symbols A
)
LaTeX Font Info:    Try loading font information for U+msb on input line 31.

("C:\Program Files (x86)\MiKTeX 2.9\tex\latex\amsfonts\umsb.fd"
File: umsb.fd 2013/01/14 v3.01 AMS symbols B
) [1


{C:/Users/jks/AppData/Local/MiKTeX/2.9/pdftex/config/pdftex.map}] [2

]
LaTeX Font Info:    Font shape `OT1/ptm/bx/n' in size <24.88> not available
(Font)              Font shape `OT1/ptm/b/n' tried instead on input line 34.
LaTeX Font Info:    Try loading font information for OT1+pcr on input line 45.

("C:\Program Files (x86)\MiKTeX 2.9\tex\latex\psnfss\ot1pcr.fd"
File: ot1pcr.fd 2001/06/04 font definitions for OT1/pcr.
) [3] [4

]
("M:\MatPIV\MatPIV 1.7\doc\MatPIVtut.toc"
LaTeX Font Info:    Font shape `OT1/ptm/bx/n' in size <10> not available
(Font)              Font shape `OT1/ptm/b/n' tried instead on input line 2.
)
\tf@toc=\write3
 [5] [6

]

Package natbib Warning: Citation `Sveen:2004' on page 7 undefined on input line
 61.


Package natbib Warning: Citation `Raffel:1998' on page 7 undefined on input lin
e 62.


Package natbib Warning: Citation `Westerweel:1993' on page 7 undefined on input
 line 63.


Package natbib Warning: Citation `Grue:1999' on page 7 undefined on input line 
68.


Package natbib Warning: Citation `Jensen:1999' on page 7 undefined on input lin
e 69.

[7] [8

]
Chapter 1.
LaTeX Font Info:    Font shape `OT1/ptm/bx/n' in size <20.74> not available
(Font)              Font shape `OT1/ptm/b/n' tried instead on input line 80.
LaTeX Font Info:    Font shape `OT1/ptm/bx/n' in size <14.4> not available
(Font)              Font shape `OT1/ptm/b/n' tried instead on input line 85.
[9] [10

]
Chapter 2.

Package natbib Warning: Citation `Jensen:1999' on page 11 undefined on input li
ne 119.


Package natbib Warning: Citation `Westerweel:1997' on page 11 undefined on inpu
t line 158.


! LaTeX Error: Unknown graphics extension: .ps.

See the LaTeX manual or LaTeX Companion for explanation.
Type  H <return>  for immediate help.
 ...                                              
                                                  
l.170 \end{picture}}
                    
? 

! LaTeX Error: Unknown graphics extension: .ps.

See the LaTeX manual or LaTeX Companion for explanation.
Type  H <return>  for immediate help.
 ...                                              
                                                  
l.170 \end{picture}}
                    
? 
LaTeX Font Info:    Font shape `OT1/ptm/bx/n' in size <12> not available
(Font)              Font shape `OT1/ptm/b/n' tried instead on input line 174.

! LaTeX Error: Unknown graphics extension: .ps.

See the LaTeX manual or LaTeX Companion for explanation.
Type  H <return>  for immediate help.
 ...                                              
                                                  
l.190 \end{picture}}
                    
? 
[11]
Overfull \hbox (43.41376pt too wide) in paragraph at lines 226--226
[]\OT1/pcr/m/n/10 Now you need to give the physical coordinates to each of the 
points specified![] 
 []


Overfull \hbox (1.41376pt too wide) in paragraph at lines 226--226
[] \OT1/pcr/m/n/10 circle  marked in the current figure (in square parenthesis)
: [-10 10][] 
 []

[12]
Overfull \hbox (25.41376pt too wide) in paragraph at lines 255--255
[]\OT1/pcr/m/n/10 * Calculating the pixel to world transformation using linear 
mapping - DONE[] 
 []


! LaTeX Error: Unknown graphics extension: .eps.

See the LaTeX manual or LaTeX Companion for explanation.
Type  H <return>  for immediate help.
 ...                                              
                                                  
l.262 \end{picture}}
                    
? 
[13]
Overfull \hbox (13.41376pt too wide) in paragraph at lines 328--328
[] \OT1/pcr/m/n/10 Global filter running - with limit: 3 *std [U V] ..... 2 vec
tors changed[] 
 []


Overfull \hbox (13.41376pt too wide) in paragraph at lines 328--328
[] \OT1/pcr/m/n/10 Global filter running - with limit: 3 *std [U V] ..... 0 vec
tors changed[] 
 []


Overfull \hbox (13.41376pt too wide) in paragraph at lines 328--328
[] \OT1/pcr/m/n/10 Global filter running - with limit: 3 *std [U V] ..... 1 vec
tors changed[] 
 []


Underfull \vbox (badness 4872) has occurred while \output is active []

 [14]
Overfull \hbox (13.41376pt too wide) in paragraph at lines 328--328
[] \OT1/pcr/m/n/10 Global filter running - with limit: 3 *std [U V] ..... 0 vec
tors changed[] 
 []


Overfull \hbox (49.41376pt too wide) in paragraph at lines 328--328
[] \OT1/pcr/m/n/10 Interpolating outliers: ...............................460 N
an's interpolated.[] 
 []


Overfull \hbox (19.41376pt too wide) in paragraph at lines 328--328
[] \OT1/pcr/m/n/10 Global filter running - with limit: 3 *std [U V] ..... 24 ve
ctors changed[] 
 []


Overfull \hbox (25.41376pt too wide) in paragraph at lines 328--328
[]\OT1/pcr/m/n/10 * Calculating the pixel to world transformation using linear 
mapping - DONE[] 
 []

[15]

Package natbib Warning: Citation `Westerweel2005' on page 16 undefined on input
 line 365.


! LaTeX Error: Unknown graphics extension: .ps.

See the LaTeX manual or LaTeX Companion for explanation.
Type  H <return>  for immediate help.
 ...                                              
                                                  
l.378 {\psfig{file=velofield.ps ,width=6cm}
                                           }
? 

! LaTeX Error: Unknown graphics extension: .ps.

See the LaTeX manual or LaTeX Companion for explanation.
Type  H <return>  for immediate help.
 ...                                              
                                                  
l.394 {\psfig{file=magnitude.ps ,width=6cm}
                                           }
? 

Overfull \hbox (19.41376pt too wide) in paragraph at lines 406--406
[]\OT1/pcr/m/n/10 >> pcolor(x(2:end-1,2:end-1),y(2:end-1,2:end-1),w), shading f
lat, colorbar[] 
 []


! LaTeX Error: Unknown graphics extension: .ps.

See the LaTeX manual or LaTeX Companion for explanation.
Type  H <return>  for immediate help.
 ...                                              
                                                  
l.410 {\psfig{file=vorticity.ps ,width=6cm}
                                           }
? 

! LaTeX Error: Unknown graphics extension: .ps.

See the LaTeX manual or LaTeX Companion for explanation.
Type  H <return>  for immediate help.
 ...                                              
                                                  
l.429 {\psfig{file=streamline.ps ,width=6cm}
                                            }
? 
[16] [17] [18

]
Chapter 3.

Package natbib Warning: Citation `Gonzales:1992' on page 19 undefined on input 
line 470.

[19]

Package natbib Warning: Citation `Gui:1996' on page 20 undefined on input line 
547.


Package natbib Warning: Citation `Gui:2000' on page 20 undefined on input line 
547.

LaTeX Font Info:    Try loading font information for OMS+ptm on input line 600.

("C:\Program Files (x86)\MiKTeX 2.9\tex\latex\psnfss\omsptm.fd"
File: omsptm.fd 
)
LaTeX Font Info:    Font shape `OMS/ptm/m/n' in size <10> not available
(Font)              Font shape `OMS/cmsy/m/n' tried instead on input line 600.
 [20] [21]

Package natbib Warning: Citation `Keane:1992' on page 22 undefined on input lin
e 728.

[22] [23]

Package natbib Warning: Citation `Westerweel:1997' on page 24 undefined on inpu
t line 844.

[24] [25]
Overfull \hbox (1.41376pt too wide) in paragraph at lines 1038--1038
[]\OT1/pcr/m/n/10 maskfile='polymask.mat'; % name of file containing the pre-de
fined mask[] 
 []


Overfull \hbox (37.41376pt too wide) in paragraph at lines 1038--1038
[]\OT1/pcr/m/n/10 M=length(dir('*.bmp'));  % check how many images are present 
in the directory[] 
 []

[26]
Overfull \hbox (1.41376pt too wide) in paragraph at lines 1085--1085
[]\OT1/pcr/m/n/10 maskfile='polymask.mat'; % name of file containing the pre-de
fined mask[] 
 []


Overfull \hbox (55.41376pt too wide) in paragraph at lines 1085--1085
[]  \OT1/pcr/m/n/10 [x,y,u,v,snr]=matpiv(A(i).cdata,A(i+1).cdata,wins,T,0.5,met
,woco,maskfile);'])[] 
 []

[27]
Overfull \hbox (13.41376pt too wide) in paragraph at lines 1113--1113
[]\OT1/pcr/m/n/10 wocofile='Demo1/worldco.mat'; %file containting the mapping f
rom image to[] 
 []

! Undefined control sequence.
<write> \string \bibdata {C:\Users 
                                   \jks \Documents \UiO \Papers \Minkowski '...
l.1167 ... paper'\OpticalTechniquesFluidMechanics}
                                                  
? 
! Undefined control sequence.
<write> \string \bibdata {C:\Users \jks 
                                        \Documents \UiO \Papers \Minkowski '...
l.1167 ... paper'\OpticalTechniquesFluidMechanics}
                                                  
? 
! Undefined control sequence.
<write> ...ing \bibdata {C:\Users \jks \Documents 
                                                  \UiO \Papers \Minkowski ' ...
l.1167 ... paper'\OpticalTechniquesFluidMechanics}
                                                  
? 
! Undefined control sequence.
<write> ...bibdata {C:\Users \jks \Documents \UiO 
                                                  \Papers \Minkowski ' diff ...
l.1167 ... paper'\OpticalTechniquesFluidMechanics}
                                                  
? 
! Undefined control sequence.
<write> ...{C:\Users \jks \Documents \UiO \Papers 
                                                  \Minkowski ' diff paper'\O...
l.1167 ... paper'\OpticalTechniquesFluidMechanics}
                                                  
? 
! Undefined control sequence.
<write> ...jks \Documents \UiO \Papers \Minkowski 
                                                  ' diff paper'\OpticalTechn...
l.1167 ... paper'\OpticalTechniquesFluidMechanics}
                                                  
? 
! Undefined control sequence.
<write> ...paper'\OpticalTechniquesFluidMechanics 
                                                  }
l.1167 ... paper'\OpticalTechniquesFluidMechanics}
                                                  
? 
("M:\MatPIV\MatPIV 1.7\doc\MatPIVtut.bbl" [28]

Package natbib Warning: Empty `thebibliography' environment on input line 8.

)

Package natbib Warning: There were undefined citations.

[29

] ("M:\MatPIV\MatPIV 1.7\doc\MatPIVtut.aux") ) 
Here is how much of TeX's memory you used:
 3455 strings out of 493921
 43952 string characters out of 3144882
 104090 words of memory out of 3000000
 6641 multiletter control sequences out of 15000+200000
 37223 words of font info for 78 fonts, out of 3000000 for 9000
 841 hyphenation exceptions out of 8191
 34i,15n,26p,313b,301s stack positions out of 5000i,500n,10000p,200000b,50000s
{C:/Program Files (x86)/MiKTeX 2.
9/fonts/enc/dvips/fontname/8r.enc}<C:/Program Files (x86)/MiKTeX 2.9/fonts/type
1/public/amsfonts/cm/cmbx10.pfb><C:/Program Files (x86)/MiKTeX 2.9/fonts/type1/
public/amsfonts/cm/cmbx7.pfb><C:/Program Files (x86)/MiKTeX 2.9/fonts/type1/pub
lic/amsfonts/cm/cmex10.pfb><C:/Program Files (x86)/MiKTeX 2.9/fonts/type1/publi
c/amsfonts/cm/cmmi10.pfb><C:/Program Files (x86)/MiKTeX 2.9/fonts/type1/public/
amsfonts/cm/cmmi7.pfb><C:/Program Files (x86)/MiKTeX 2.9/fonts/type1/public/ams
fonts/cm/cmr10.pfb><C:/Program Files (x86)/MiKTeX 2.9/fonts/type1/public/amsfon
ts/cm/cmr7.pfb><C:/Program Files (x86)/MiKTeX 2.9/fonts/type1/public/amsfonts/c
m/cmsy10.pfb><C:/Program Files (x86)/MiKTeX 2.9/fonts/type1/public/amsfonts/cm/
cmsy7.pfb><C:/Program Files (x86)/MiKTeX 2.9/fonts/type1/public/amsfonts/symbol
s/msam10.pfb><C:/Program Files (x86)/MiKTeX 2.9/fonts/type1/urw/courier/ucrr8a.
pfb><C:/Program Files (x86)/MiKTeX 2.9/fonts/type1/urw/times/utmb8a.pfb><C:/Pro
gram Files (x86)/MiKTeX 2.9/fonts/type1/urw/times/utmr8a.pfb><C:/Program Files 
(x86)/MiKTeX 2.9/fonts/type1/urw/times/utmr8a.pfb><C:/Program Files (x86)/MiKTe
X 2.9/fonts/type1/urw/times/utmri8a.pfb>
Output written on MatPIVtut.pdf (29 pages, 233125 bytes).
PDF statistics:
 156 PDF objects out of 1000 (max. 8388607)
 0 named destinations out of 1000 (max. 500000)
 1 words of extra memory for PDF output out of 10000 (max. 10000000)

